android/app/build/outputs/logs/manifest-merger-release-report.txt
-- Merging decision tree log ---
application
INJECTED from src\main\AndroidManifest.xml:24:5-131:19
INJECTED from src\main\AndroidManifest.xml:24:5-131:19
MERGED from [:alarm] AndroidManifest.xml:19:5-37:19
MERGED from [:alarm] AndroidManifest.xml:19:5-37:19
MERGED from [:firebase_messaging] AndroidManifest.xml:13:5-46:19
MERGED from [:firebase_messaging] AndroidManifest.xml:13:5-46:19
MERGED from [:firebase_core] AndroidManifest.xml:7:5-13:19
MERGED from [:firebase_core] AndroidManifest.xml:7:5-13:19
MERGED from [com.google.firebase:firebase-messaging:24.1.1] AndroidManifest.xml:28:5-64:19
MERGED from [com.google.firebase:firebase-messaging:24.1.1] AndroidManifest.xml:28:5-64:19
MERGED from [com.google.firebase:firebase-installations:18.0.0] AndroidManifest.xml:11:5-22:19
MERGED from [com.google.firebase:firebase-installations:18.0.0] AndroidManifest.xml:11:5-22:19
MERGED from [com.google.firebase:firebase-common-ktx:21.0.0] AndroidManifest.xml:8:5-16:19
MERGED from [com.google.firebase:firebase-common-ktx:21.0.0] AndroidManifest.xml:8:5-16:19
MERGED from [com.google.firebase:firebase-common:21.0.0] AndroidManifest.xml:22:5-39:19
MERGED from [com.google.firebase:firebase-common:21.0.0] AndroidManifest.xml:22:5-39:19
MERGED from [androidx.work:work-runtime:2.9.0] AndroidManifest.xml:28:5-143:19
MERGED from [androidx.work:work-runtime:2.9.0] AndroidManifest.xml:28:5-143:19
MERGED from [:image_picker_android] AndroidManifest.xml:8:5-32:19
MERGED from [:image_picker_android] AndroidManifest.xml:8:5-32:19
MERGED from [:open_file_android] AndroidManifest.xml:8:5-20:19
MERGED from [:open_file_android] AndroidManifest.xml:8:5-20:19
MERGED from [com.google.firebase:firebase-iid-interop:17.1.0] AndroidManifest.xml:7:5-8:19
MERGED from [com.google.firebase:firebase-iid-interop:17.1.0] AndroidManifest.xml:7:5-8:19
MERGED from [com.google.android.gms:play-services-base:18.1.0] AndroidManifest.xml:19:5-23:19
MERGED from [com.google.android.gms:play-services-base:18.1.0] AndroidManifest.xml:19:5-23:19
MERGED from [com.google.android.gms:play-services-stats:17.0.2] AndroidManifest.xml:7:5-20
MERGED from [com.google.android.gms:play-services-stats:17.0.2] AndroidManifest.xml:7:5-20
MERGED from [androidx.emoji2:emoji2:1.2.0] AndroidManifest.xml:23:5-33:19
MERGED from [androidx.emoji2:emoji2:1.2.0] AndroidManifest.xml:23:5-33:19
MERGED from [androidx.lifecycle:lifecycle-process:2.8.7] AndroidManifest.xml:23:5-33:19
MERGED from [androidx.lifecycle:lifecycle-process:2.8.7] AndroidManifest.xml:23:5-33:19
MERGED from [androidx.window:window:1.2.0] AndroidManifest.xml:22:5-29:19
MERGED from [androidx.window:window:1.2.0] AndroidManifest.xml:22:5-29:19
MERGED from [com.google.android.gms:play-services-tasks:18.1.0] AndroidManifest.xml:5:5-20
MERGED from [com.google.android.gms:play-services-tasks:18.1.0] AndroidManifest.xml:5:5-20
MERGED from [com.google.firebase:firebase-measurement-connector:19.0.0] AndroidManifest.xml:22:5-23:19
MERGED from [com.google.firebase:firebase-measurement-connector:19.0.0] AndroidManifest.xml:22:5-23:19
MERGED from [com.google.android.gms:play-services-basement:18.3.0] AndroidManifest.xml:20:5-24:19
MERGED from [com.google.android.gms:play-services-basement:18.3.0] AndroidManifest.xml:20:5-24:19
MERGED from [androidx.core:core:1.15.0] AndroidManifest.xml:28:5-89
MERGED from [androidx.core:core:1.15.0] AndroidManifest.xml:28:5-89
MERGED from [androidx.room:room-runtime:2.5.0] AndroidManifest.xml:23:5-29:19
MERGED from [androidx.room:room-runtime:2.5.0] AndroidManifest.xml:23:5-29:19
MERGED from [androidx.profileinstaller:profileinstaller:1.3.1] AndroidManifest.xml:23:5-53:19
MERGED from [androidx.profileinstaller:profileinstaller:1.3.1] AndroidManifest.xml:23:5-53:19
MERGED from [androidx.startup:startup-runtime:1.1.1] AndroidManifest.xml:25:5-31:19
MERGED from [androidx.startup:startup-runtime:1.1.1] AndroidManifest.xml:25:5-31:19
MERGED from [androidx.versionedparcelable:versionedparcelable:1.1.1] AndroidManifest.xml:24:5-25:19
MERGED from [androidx.versionedparcelable:versionedparcelable:1.1.1] AndroidManifest.xml:24:5-25:19
MERGED from [com.google.firebase:firebase-datatransport:18.2.0] AndroidManifest.xml:21:5-29:19
MERGED from [com.google.firebase:firebase-datatransport:18.2.0] AndroidManifest.xml:21:5-29:19
MERGED from [com.google.android.datatransport:transport-backend-cct:3.1.9] AndroidManifest.xml:27:5-35:19
MERGED from [com.google.android.datatransport:transport-backend-cct:3.1.9] AndroidManifest.xml:27:5-35:19
MERGED from [com.google.android.datatransport:transport-runtime:3.1.9] AndroidManifest.xml:25:5-39:19
MERGED from [com.google.android.datatransport:transport-runtime:3.1.9] AndroidManifest.xml:25:5-39:19
	android:extractNativeLibs
		INJECTED from src\main\AndroidManifest.xml
	android:requestLegacyExternalStorage
		ADDED from src\main\AndroidManifest.xml:27:9-52
	android:appComponentFactory
		ADDED from [androidx.core:core:1.15.0] AndroidManifest.xml:28:18-86
	android:label
		ADDED from src\main\AndroidManifest.xml:25:9-39
	android:turnScreenOn
		ADDED from src\main\AndroidManifest.xml:32:9-36
	android:showWhenLocked
		ADDED from src\main\AndroidManifest.xml:31:9-38
	android:icon
		ADDED from src\main\AndroidManifest.xml:28:9-43
	android:networkSecurityConfig
		ADDED from src\main\AndroidManifest.xml:29:9-69
	android:usesCleartextTraffic
		ADDED from src\main\AndroidManifest.xml:30:9-44
	android:name
		INJECTED from src\main\AndroidManifest.xml
		ADDED from src\main\AndroidManifest.xml:26:9-42
manifest
ADDED from src\main\AndroidManifest.xml:2:1-144:12
INJECTED from src\main\AndroidManifest.xml:2:1-144:12
INJECTED from src\main\AndroidManifest.xml:2:1-144:12
INJECTED from src\main\AndroidManifest.xml:2:1-144:12
MERGED from [:alarm] AndroidManifest.xml:2:1-39:12
MERGED from [:app_settings] AndroidManifest.xml:2:1-7:12
MERGED from [:device_info_plus] AndroidManifest.xml:2:1-7:12
MERGED from [:file_picker] AndroidManifest.xml:2:1-15:12
MERGED from [:libphonenumber_plugin] AndroidManifest.xml:2:1-7:12
MERGED from [:record_android] AndroidManifest.xml:2:1-9:12
MERGED from [:shared_preferences_android] AndroidManifest.xml:2:1-7:12
MERGED from [:firebase_messaging] AndroidManifest.xml:2:1-48:12
MERGED from [:firebase_core] AndroidManifest.xml:2:1-15:12
MERGED from [com.google.firebase:firebase-messaging:24.1.1] AndroidManifest.xml:17:1-66:12
MERGED from [com.google.firebase:firebase-installations:18.0.0] AndroidManifest.xml:2:1-24:12
MERGED from [com.google.firebase:firebase-common-ktx:21.0.0] AndroidManifest.xml:2:1-18:12
MERGED from [com.google.firebase:firebase-common:21.0.0] AndroidManifest.xml:15:1-41:12
MERGED from [androidx.work:work-runtime-ktx:2.9.0] AndroidManifest.xml:17:1-22:12
MERGED from [androidx.work:work-runtime:2.9.0] AndroidManifest.xml:17:1-145:12
MERGED from [:audioplayers_android] AndroidManifest.xml:2:1-7:12
MERGED from [:flutter_local_notifications] AndroidManifest.xml:2:1-10:12
MERGED from [:image_picker_android] AndroidManifest.xml:2:1-34:12
MERGED from [:flutter_fgbg] AndroidManifest.xml:2:1-7:12
MERGED from [:flutter_native_splash] AndroidManifest.xml:2:1-7:12
MERGED from [:flutter_plugin_android_lifecycle] AndroidManifest.xml:2:1-7:12
MERGED from [:open_file_android] AndroidManifest.xml:2:1-22:12
MERGED from [:path_provider_android] AndroidManifest.xml:2:1-7:12
MERGED from [:permission_handler_android] AndroidManifest.xml:2:1-7:12
MERGED from [androidx.media:media:1.1.0] AndroidManifest.xml:17:1-24:12
MERGED from [androidx.preference:preference:1.2.1] AndroidManifest.xml:17:1-24:12
MERGED from [androidx.appcompat:appcompat-resources:1.6.1] AndroidManifest.xml:17:1-22:12
MERGED from [androidx.appcompat:appcompat:1.6.1] AndroidManifest.xml:17:1-22:12
MERGED from [com.google.firebase:firebase-iid-interop:17.1.0] AndroidManifest.xml:2:1-10:12
MERGED from [com.google.android.gms:play-services-base:18.1.0] AndroidManifest.xml:16:1-24:12
MERGED from [com.google.android.gms:play-services-cloud-messaging:17.2.0] AndroidManifest.xml:2:1-13:12
MERGED from [com.google.firebase:firebase-installations-interop:17.1.1] AndroidManifest.xml:15:1-19:12
MERGED from [androidx.room:room-ktx:2.5.0] AndroidManifest.xml:17:1-22:12
MERGED from [androidx.fragment:fragment-ktx:1.7.1] AndroidManifest.xml:2:1-7:12
MERGED from [androidx.activity:activity-ktx:1.9.3] AndroidManifest.xml:2:1-7:12
MERGED from [androidx.savedstate:savedstate-ktx:1.2.1] AndroidManifest.xml:17:1-22:12
MERGED from [androidx.savedstate:savedstate:1.2.1] AndroidManifest.xml:17:1-22:12
MERGED from [com.google.android.gms:play-services-stats:17.0.2] AndroidManifest.xml:2:1-9:12
MERGED from [androidx.recyclerview:recyclerview:1.0.0] AndroidManifest.xml:17:1-22:12
MERGED from [androidx.legacy:legacy-support-core-ui:1.0.0] AndroidManifest.xml:17:1-22:12
MERGED from [androidx.legacy:legacy-support-core-utils:1.0.0] AndroidManifest.xml:17:1-22:12
MERGED from [androidx.loader:loader:1.0.0] AndroidManifest.xml:17:1-22:12
MERGED from [androidx.lifecycle:lifecycle-runtime-ktx-android:2.8.7] AndroidManifest.xml:2:1-7:12
MERGED from [androidx.lifecycle:lifecycle-viewmodel-ktx:2.8.7] AndroidManifest.xml:2:1-7:12
MERGED from [androidx.lifecycle:lifecycle-viewmodel:2.8.7] AndroidManifest.xml:2:1-5:12
MERGED from [androidx.lifecycle:lifecycle-viewmodel-android:2.8.7] AndroidManifest.xml:17:1-22:12
MERGED from [androidx.lifecycle:lifecycle-livedata-core-ktx:2.8.7] AndroidManifest.xml:2:1-7:12
MERGED from [androidx.lifecycle:lifecycle-livedata-core:2.8.7] AndroidManifest.xml:17:1-22:12
MERGED from [androidx.lifecycle:lifecycle-viewmodel-savedstate:2.8.7] AndroidManifest.xml:17:1-22:12
MERGED from [androidx.lifecycle:lifecycle-service:2.8.7] AndroidManifest.xml:2:1-7:12
MERGED from [androidx.lifecycle:lifecycle-livedata:2.8.7] AndroidManifest.xml:17:1-22:12
MERGED from [androidx.emoji2:emoji2-views-helper:1.2.0] AndroidManifest.xml:2:1-7:12
MERGED from [androidx.emoji2:emoji2:1.2.0] AndroidManifest.xml:17:1-35:12
MERGED from [androidx.lifecycle:lifecycle-process:2.8.7] AndroidManifest.xml:17:1-35:12
MERGED from [androidx.lifecycle:lifecycle-runtime-android:2.8.7] AndroidManifest.xml:17:1-22:12
MERGED from [androidx.window:window-java:1.2.0] AndroidManifest.xml:17:1-21:12
MERGED from [androidx.slidingpanelayout:slidingpanelayout:1.2.0] AndroidManifest.xml:17:1-24:12
MERGED from [androidx.window:window:1.2.0] AndroidManifest.xml:17:1-31:12
MERGED from [androidx.datastore:datastore-core-android:1.1.3] AndroidManifest.xml:2:1-7:12
MERGED from [androidx.datastore:datastore-preferences-android:1.1.3] AndroidManifest.xml:17:1-22:12
MERGED from [androidx.datastore:datastore-android:1.1.3] AndroidManifest.xml:17:1-22:12
MERGED from [com.google.android.gms:play-services-tasks:18.1.0] AndroidManifest.xml:2:1-6:12
MERGED from [com.google.firebase:firebase-measurement-connector:19.0.0] AndroidManifest.xml:17:1-25:12
MERGED from [com.google.android.gms:play-services-basement:18.3.0] AndroidManifest.xml:16:1-26:12
MERGED from [androidx.fragment:fragment:1.7.1] AndroidManifest.xml:2:1-7:12
MERGED from [androidx.activity:activity:1.9.3] AndroidManifest.xml:17:1-22:12
MERGED from [androidx.drawerlayout:drawerlayout:1.0.0] AndroidManifest.xml:17:1-22:12
MERGED from [androidx.viewpager:viewpager:1.0.0] AndroidManifest.xml:17:1-22:12
MERGED from [androidx.vectordrawable:vectordrawable-animated:1.1.0] AndroidManifest.xml:17:1-24:12
MERGED from [androidx.vectordrawable:vectordrawable:1.1.0] AndroidManifest.xml:17:1-24:12
MERGED from [androidx.coordinatorlayout:coordinatorlayout:1.0.0] AndroidManifest.xml:17:1-22:12
MERGED from [androidx.customview:customview:1.1.0] AndroidManifest.xml:17:1-24:12
MERGED from [androidx.transition:transition:1.4.1] AndroidManifest.xml:17:1-24:12
MERGED from [androidx.swiperefreshlayout:swiperefreshlayout:1.0.0] AndroidManifest.xml:17:1-22:12
MERGED from [androidx.asynclayoutinflater:asynclayoutinflater:1.0.0] AndroidManifest.xml:17:1-22:12
MERGED from [androidx.core:core:1.15.0] AndroidManifest.xml:17:1-30:12
MERGED from [androidx.core:core-ktx:1.15.0] AndroidManifest.xml:2:1-7:12
MERGED from [androidx.room:room-runtime:2.5.0] AndroidManifest.xml:17:1-31:12
MERGED from [androidx.sqlite:sqlite-framework:2.3.0] AndroidManifest.xml:17:1-22:12
MERGED from [com.google.firebase:firebase-components:18.0.0] AndroidManifest.xml:15:1-20:12
MERGED from [androidx.localbroadcastmanager:localbroadcastmanager:1.1.0] AndroidManifest.xml:17:1-24:12
MERGED from [androidx.exifinterface:exifinterface:1.3.7] AndroidManifest.xml:17:1-24:12
MERGED from [androidx.profileinstaller:profileinstaller:1.3.1] AndroidManifest.xml:17:1-55:12
MERGED from [androidx.startup:startup-runtime:1.1.1] AndroidManifest.xml:17:1-33:12
MERGED from [androidx.tracing:tracing:1.2.0] AndroidManifest.xml:17:1-22:12
MERGED from [androidx.interpolator:interpolator:1.0.0] AndroidManifest.xml:17:1-22:12
MERGED from [androidx.versionedparcelable:versionedparcelable:1.1.1] AndroidManifest.xml:17:1-27:12
MERGED from [androidx.cursoradapter:cursoradapter:1.0.0] AndroidManifest.xml:17:1-22:12
MERGED from [androidx.sqlite:sqlite:2.3.0] AndroidManifest.xml:17:1-22:12
MERGED from [androidx.arch.core:core-runtime:2.2.0] AndroidManifest.xml:17:1-22:12
MERGED from [com.google.firebase:firebase-datatransport:18.2.0] AndroidManifest.xml:15:1-31:12
MERGED from [com.google.android.datatransport:transport-backend-cct:3.1.9] AndroidManifest.xml:15:1-37:12
MERGED from [com.google.android.datatransport:transport-runtime:3.1.9] AndroidManifest.xml:15:1-41:12
MERGED from [com.google.android.datatransport:transport-api:3.1.0] AndroidManifest.xml:15:1-20:12
MERGED from [com.google.firebase:firebase-encoders-json:18.0.0] AndroidManifest.xml:15:1-23:12
MERGED from [androidx.window.extensions.core:core:1.0.0] AndroidManifest.xml:2:1-7:12
MERGED from [androidx.documentfile:documentfile:1.0.0] AndroidManifest.xml:17:1-22:12
MERGED from [androidx.print:print:1.0.0] AndroidManifest.xml:17:1-22:12
MERGED from [androidx.annotation:annotation-experimental:1.4.1] AndroidManifest.xml:2:1-7:12
MERGED from [androidx.multidex:multidex:2.0.1] AndroidManifest.xml:17:1-22:12
MERGED from [com.getkeepsafe.relinker:relinker:1.4.5] AndroidManifest.xml:2:1-7:12
	package
		ADDED from src\main\AndroidManifest.xml:3:5-41
		INJECTED from src\main\AndroidManifest.xml
	android:versionName
		INJECTED from src\main\AndroidManifest.xml
	android:versionCode
		INJECTED from src\main\AndroidManifest.xml
	xmlns:android
		ADDED from src\main\AndroidManifest.xml:2:11-69
uses-permission#android.permission.POST_NOTIFICATIONS
ADDED from src\main\AndroidManifest.xml:4:5-76
MERGED from [:alarm] AndroidManifest.xml:13:5-77
MERGED from [:alarm] AndroidManifest.xml:13:5-77
MERGED from [:firebase_messaging] AndroidManifest.xml:11:5-77
MERGED from [:firebase_messaging] AndroidManifest.xml:11:5-77
MERGED from [com.google.firebase:firebase-messaging:24.1.1] AndroidManifest.xml:23:5-77
MERGED from [com.google.firebase:firebase-messaging:24.1.1] AndroidManifest.xml:23:5-77
MERGED from [:flutter_local_notifications] AndroidManifest.xml:8:5-77
MERGED from [:flutter_local_notifications] AndroidManifest.xml:8:5-77
	android:name
		ADDED from src\main\AndroidManifest.xml:4:22-74
uses-permission#android.permission.INTERNET
ADDED from src\main\AndroidManifest.xml:5:5-67
MERGED from [:firebase_messaging] AndroidManifest.xml:7:5-67
MERGED from [:firebase_messaging] AndroidManifest.xml:7:5-67
MERGED from [com.google.firebase:firebase-installations:18.0.0] AndroidManifest.xml:8:5-67
MERGED from [com.google.firebase:firebase-installations:18.0.0] AndroidManifest.xml:8:5-67
MERGED from [com.google.android.gms:play-services-cloud-messaging:17.2.0] AndroidManifest.xml:8:5-67
MERGED from [com.google.android.gms:play-services-cloud-messaging:17.2.0] AndroidManifest.xml:8:5-67
MERGED from [com.google.android.datatransport:transport-backend-cct:3.1.9] AndroidManifest.xml:25:5-67
MERGED from [com.google.android.datatransport:transport-backend-cct:3.1.9] AndroidManifest.xml:25:5-67
	android:name
		ADDED from src\main\AndroidManifest.xml:5:22-64
uses-permission#android.permission.RECORD_AUDIO
ADDED from src\main\AndroidManifest.xml:7:5-71
MERGED from [:record_android] AndroidManifest.xml:7:5-71
MERGED from [:record_android] AndroidManifest.xml:7:5-71
	android:name
		ADDED from src\main\AndroidManifest.xml:7:22-68
uses-permission#android.permission.WRITE_EXTERNAL_STORAGE
ADDED from src\main\AndroidManifest.xml:8:5-81
	android:name
		ADDED from src\main\AndroidManifest.xml:8:22-78
uses-permission#android.permission.READ_EXTERNAL_STORAGE
ADDED from src\main\AndroidManifest.xml:9:5-80
MERGED from [:alarm] AndroidManifest.xml:14:5-80
MERGED from [:alarm] AndroidManifest.xml:14:5-80
	android:name
		ADDED from src\main\AndroidManifest.xml:9:22-77
uses-permission#android.permission.READ_MEDIA_IMAGES
ADDED from src\main\AndroidManifest.xml:11:5-76
	android:name
		ADDED from src\main\AndroidManifest.xml:11:22-73
uses-permission#android.permission.READ_MEDIA_VIDEO
ADDED from src\main\AndroidManifest.xml:12:5-75
	android:name
		ADDED from src\main\AndroidManifest.xml:12:22-72
uses-permission#android.permission.READ_MEDIA_AUDIO
ADDED from src\main\AndroidManifest.xml:13:5-75
	android:name
		ADDED from src\main\AndroidManifest.xml:13:22-72
uses-permission#android.permission.VIBRATE
ADDED from src\main\AndroidManifest.xml:14:5-66
MERGED from [:alarm] AndroidManifest.xml:9:5-66
MERGED from [:alarm] AndroidManifest.xml:9:5-66
MERGED from [:flutter_local_notifications] AndroidManifest.xml:7:5-66
MERGED from [:flutter_local_notifications] AndroidManifest.xml:7:5-66
	android:name
		ADDED from src\main\AndroidManifest.xml:14:22-63
uses-permission#android.permission.RECEIVE_BOOT_COMPLETED
ADDED from src\main\AndroidManifest.xml:15:5-80
MERGED from [:alarm] AndroidManifest.xml:7:5-81
MERGED from [:alarm] AndroidManifest.xml:7:5-81
MERGED from [androidx.work:work-runtime:2.9.0] AndroidManifest.xml:25:5-81
MERGED from [androidx.work:work-runtime:2.9.0] AndroidManifest.xml:25:5-81
	android:name
		ADDED from src\main\AndroidManifest.xml:15:22-78
uses-permission#android.permission.WAKE_LOCK
ADDED from src\main\AndroidManifest.xml:16:5-67
MERGED from [:alarm] AndroidManifest.xml:8:5-68
MERGED from [:alarm] AndroidManifest.xml:8:5-68
MERGED from [:firebase_messaging] AndroidManifest.xml:8:5-68
MERGED from [:firebase_messaging] AndroidManifest.xml:8:5-68
MERGED from [com.google.firebase:firebase-messaging:24.1.1] AndroidManifest.xml:24:5-68
MERGED from [com.google.firebase:firebase-messaging:24.1.1] AndroidManifest.xml:24:5-68
MERGED from [androidx.work:work-runtime:2.9.0] AndroidManifest.xml:23:5-68
MERGED from [androidx.work:work-runtime:2.9.0] AndroidManifest.xml:23:5-68
MERGED from [com.google.android.gms:play-services-cloud-messaging:17.2.0] AndroidManifest.xml:9:5-68
MERGED from [com.google.android.gms:play-services-cloud-messaging:17.2.0] AndroidManifest.xml:9:5-68
	android:name
		ADDED from src\main\AndroidManifest.xml:16:22-65
uses-permission#android.permission.FOREGROUND_SERVICE
ADDED from src\main\AndroidManifest.xml:17:5-76
MERGED from [:alarm] AndroidManifest.xml:11:5-77
MERGED from [:alarm] AndroidManifest.xml:11:5-77
MERGED from [androidx.work:work-runtime:2.9.0] AndroidManifest.xml:26:5-77
MERGED from [androidx.work:work-runtime:2.9.0] AndroidManifest.xml:26:5-77
	android:name
		ADDED from src\main\AndroidManifest.xml:17:22-74
uses-permission#android.permission.USE_FULL_SCREEN_INTENT
ADDED from src\main\AndroidManifest.xml:18:5-80
MERGED from [:alarm] AndroidManifest.xml:10:5-81
MERGED from [:alarm] AndroidManifest.xml:10:5-81
	android:name
		ADDED from src\main\AndroidManifest.xml:18:22-78
uses-permission#android.permission.FOREGROUND_SERVICE_MEDIA_PLAYBACK
ADDED from src\main\AndroidManifest.xml:19:5-91
MERGED from [:alarm] AndroidManifest.xml:15:5-92
MERGED from [:alarm] AndroidManifest.xml:15:5-92
	android:name
		ADDED from src\main\AndroidManifest.xml:19:22-89
uses-permission#android.permission.REQUEST_IGNORE_BATTERY_OPTIMIZATIONS
ADDED from src\main\AndroidManifest.xml:20:5-94
	android:name
		ADDED from src\main\AndroidManifest.xml:20:22-92
uses-permission#android.permission.SCHEDULE_EXACT_ALARM
ADDED from src\main\AndroidManifest.xml:21:5-78
MERGED from [:alarm] AndroidManifest.xml:17:5-79
MERGED from [:alarm] AndroidManifest.xml:17:5-79
	android:name
		ADDED from src\main\AndroidManifest.xml:21:22-76
uses-permission#android.permission.
ADDED from src\main\AndroidManifest.xml:22:5-59
	android:name
		ADDED from src\main\AndroidManifest.xml:22:22-56
queries
ADDED from src\main\AndroidManifest.xml:137:5-142:15
MERGED from [:file_picker] AndroidManifest.xml:7:5-13:15
MERGED from [:file_picker] AndroidManifest.xml:7:5-13:15
intent#action:name:android.intent.action.PROCESS_TEXT+data:mimeType:text/plain
ADDED from src\main\AndroidManifest.xml:138:9-141:18
action#android.intent.action.PROCESS_TEXT
ADDED from src\main\AndroidManifest.xml:139:13-72
	android:name
		ADDED from src\main\AndroidManifest.xml:139:21-70
data
ADDED from src\main\AndroidManifest.xml:140:13-50
	android:mimeType
		ADDED from src\main\AndroidManifest.xml:140:19-48
meta-data#com.google.firebase.messaging.default_notification_channel_id
ADDED from src\main\AndroidManifest.xml:35:9-37:43
	android:value
		ADDED from src\main\AndroidManifest.xml:37:13-40
	android:name
		ADDED from src\main\AndroidManifest.xml:36:13-89
activity#com.sunrack.taskmanagement.MainActivity
ADDED from src\main\AndroidManifest.xml:39:9-64:20
	android:launchMode
		ADDED from src\main\AndroidManifest.xml:42:13-43
	android:hardwareAccelerated
		ADDED from src\main\AndroidManifest.xml:46:13-47
	android:windowSoftInputMode
		ADDED from src\main\AndroidManifest.xml:47:13-55
	android:exported
		ADDED from src\main\AndroidManifest.xml:41:13-36
	android:configChanges
		ADDED from src\main\AndroidManifest.xml:45:13-163
	android:theme
		ADDED from src\main\AndroidManifest.xml:44:13-47
	android:taskAffinity
		ADDED from src\main\AndroidManifest.xml:43:13-36
	android:name
		ADDED from src\main\AndroidManifest.xml:40:13-41
meta-data#io.flutter.embedding.android.NormalTheme
ADDED from src\main\AndroidManifest.xml:52:13-55:17
	android:resource
		ADDED from src\main\AndroidManifest.xml:54:15-52
	android:name
		ADDED from src\main\AndroidManifest.xml:53:15-70
intent-filter#action:name:android.intent.action.MAIN+category:name:android.intent.category.LAUNCHER
ADDED from src\main\AndroidManifest.xml:56:13-59:29
action#android.intent.action.MAIN
ADDED from src\main\AndroidManifest.xml:57:17-68
	android:name
		ADDED from src\main\AndroidManifest.xml:57:25-66
category#android.intent.category.LAUNCHER
ADDED from src\main\AndroidManifest.xml:58:17-76
	android:name
		ADDED from src\main\AndroidManifest.xml:58:27-74
intent-filter#action:name:FLUTTER_NOTIFICATION_CLICK+category:name:android.intent.category.DEFAULT
ADDED from src\main\AndroidManifest.xml:60:13-63:29
action#FLUTTER_NOTIFICATION_CLICK
ADDED from src\main\AndroidManifest.xml:61:17-69
	android:name
		ADDED from src\main\AndroidManifest.xml:61:25-66
category#android.intent.category.DEFAULT
ADDED from src\main\AndroidManifest.xml:62:17-76
	android:name
		ADDED from src\main\AndroidManifest.xml:62:27-73
meta-data#flutterEmbedding
ADDED from src\main\AndroidManifest.xml:67:9-69:33
	android:value
		ADDED from src\main\AndroidManifest.xml:69:13-30
	android:name
		ADDED from src\main\AndroidManifest.xml:68:13-44
service#com.dexterous.flutterlocalnotifications.ForegroundService
ADDED from src\main\AndroidManifest.xml:72:9-76:61
	android:exported
		ADDED from src\main\AndroidManifest.xml:74:13-37
	android:stopWithTask
		ADDED from src\main\AndroidManifest.xml:75:13-41
	android:foregroundServiceType
		ADDED from src\main\AndroidManifest.xml:76:13-58
	android:name
		ADDED from src\main\AndroidManifest.xml:73:13-85
receiver#com.dexterous.flutterlocalnotifications.ScheduledNotificationReceiver
ADDED from src\main\AndroidManifest.xml:79:9-81:40
	android:exported
		ADDED from src\main\AndroidManifest.xml:81:13-37
	android:name
		ADDED from src\main\AndroidManifest.xml:80:13-97
receiver#com.dexterous.flutterlocalnotifications.ScheduledNotificationBootReceiver
ADDED from src\main\AndroidManifest.xml:82:9-91:20
	android:exported
		ADDED from src\main\AndroidManifest.xml:84:13-37
	android:name
		ADDED from src\main\AndroidManifest.xml:83:13-101
intent-filter#action:name:android.intent.action.BOOT_COMPLETED+action:name:android.intent.action.MY_PACKAGE_REPLACED+action:name:android.intent.action.QUICKBOOT_POWERON+action:name:com.htc.intent.action.QUICKBOOT_POWERON
ADDED from src\main\AndroidManifest.xml:85:13-90:29
action#android.intent.action.BOOT_COMPLETED
ADDED from src\main\AndroidManifest.xml:86:17-78
	android:name
		ADDED from src\main\AndroidManifest.xml:86:25-76
action#android.intent.action.MY_PACKAGE_REPLACED
ADDED from src\main\AndroidManifest.xml:87:17-83
	android:name
		ADDED from src\main\AndroidManifest.xml:87:25-81
action#android.intent.action.QUICKBOOT_POWERON
ADDED from src\main\AndroidManifest.xml:88:17-82
	android:name
		ADDED from src\main\AndroidManifest.xml:88:25-79
action#com.htc.intent.action.QUICKBOOT_POWERON
ADDED from src\main\AndroidManifest.xml:89:17-81
	android:name
		ADDED from src\main\AndroidManifest.xml:89:25-79
service#io.flutter.plugins.firebase.messaging.FlutterFirebaseMessagingService
ADDED from src\main\AndroidManifest.xml:94:9-100:19
MERGED from [:firebase_messaging] AndroidManifest.xml:18:9-24:19
MERGED from [:firebase_messaging] AndroidManifest.xml:18:9-24:19
	android:exported
		ADDED from src\main\AndroidManifest.xml:96:13-37
	android:name
		ADDED from src\main\AndroidManifest.xml:95:13-97
intent-filter#action:name:com.google.firebase.MESSAGING_EVENT
ADDED from src\main\AndroidManifest.xml:97:13-99:29
action#com.google.firebase.MESSAGING_EVENT
ADDED from src\main\AndroidManifest.xml:98:17-77
	android:name
		ADDED from src\main\AndroidManifest.xml:98:25-75
receiver#com.google.firebase.iid.FirebaseInstanceIdReceiver
ADDED from src\main\AndroidManifest.xml:107:9-114:20
MERGED from [com.google.firebase:firebase-messaging:24.1.1] AndroidManifest.xml:29:9-40:20
MERGED from [com.google.firebase:firebase-messaging:24.1.1] AndroidManifest.xml:29:9-40:20
	android:exported
		ADDED from src\main\AndroidManifest.xml:109:13-36
	android:permission
		ADDED from src\main\AndroidManifest.xml:110:13-73
	android:name
		ADDED from src\main\AndroidManifest.xml:108:13-78
intent-filter#action:name:com.google.android.c2dm.intent.RECEIVE
ADDED from src\main\AndroidManifest.xml:111:13-113:29
action#com.google.android.c2dm.intent.RECEIVE
ADDED from src\main\AndroidManifest.xml:112:17-80
	android:name
		ADDED from src\main\AndroidManifest.xml:112:25-78
service#com.yakuz.alarm.services.AlarmService
ADDED from src\main\AndroidManifest.xml:117:9-120:60
	android:exported
		ADDED from src\main\AndroidManifest.xml:119:13-37
	android:foregroundServiceType
		ADDED from src\main\AndroidManifest.xml:120:13-58
	android:name
		ADDED from src\main\AndroidManifest.xml:118:13-65
receiver#com.yakuz.alarm.receivers.AlarmReceiver
ADDED from src\main\AndroidManifest.xml:121:9-128:20
	android:exported
		ADDED from src\main\AndroidManifest.xml:123:13-36
	android:name
		ADDED from src\main\AndroidManifest.xml:122:13-67
intent-filter#action:name:android.intent.action.BOOT_COMPLETED+action:name:android.intent.action.MY_PACKAGE_REPLACED
ADDED from src\main\AndroidManifest.xml:124:13-127:29
uses-sdk
INJECTED from src\main\AndroidManifest.xml reason: use-sdk injection requested
INJECTED from src\main\AndroidManifest.xml
INJECTED from src\main\AndroidManifest.xml
MERGED from [:alarm] AndroidManifest.xml:5:5-44
MERGED from [:alarm] AndroidManifest.xml:5:5-44
MERGED from [:app_settings] AndroidManifest.xml:5:5-44
MERGED from [:app_settings] AndroidManifest.xml:5:5-44
MERGED from [:device_info_plus] AndroidManifest.xml:5:5-44
MERGED from [:device_info_plus] AndroidManifest.xml:5:5-44
MERGED from [:file_picker] AndroidManifest.xml:5:5-44
MERGED from [:file_picker] AndroidManifest.xml:5:5-44
MERGED from [:libphonenumber_plugin] AndroidManifest.xml:5:5-44
MERGED from [:libphonenumber_plugin] AndroidManifest.xml:5:5-44
MERGED from [:record_android] AndroidManifest.xml:5:5-44
MERGED from [:record_android] AndroidManifest.xml:5:5-44
MERGED from [:shared_preferences_android] AndroidManifest.xml:5:5-44
MERGED from [:shared_preferences_android] AndroidManifest.xml:5:5-44
MERGED from [:firebase_messaging] AndroidManifest.xml:5:5-44
MERGED from [:firebase_messaging] AndroidManifest.xml:5:5-44
MERGED from [:firebase_core] AndroidManifest.xml:5:5-44
MERGED from [:firebase_core] AndroidManifest.xml:5:5-44
MERGED from [com.google.firebase:firebase-messaging:24.1.1] AndroidManifest.xml:20:5-44
MERGED from [com.google.firebase:firebase-messaging:24.1.1] AndroidManifest.xml:20:5-44
MERGED from [com.google.firebase:firebase-installations:18.0.0] AndroidManifest.xml:5:5-44
MERGED from [com.google.firebase:firebase-installations:18.0.0] AndroidManifest.xml:5:5-44
MERGED from [com.google.firebase:firebase-common-ktx:21.0.0] AndroidManifest.xml:5:5-44
MERGED from [com.google.firebase:firebase-common-ktx:21.0.0] AndroidManifest.xml:5:5-44
MERGED from [com.google.firebase:firebase-common:21.0.0] AndroidManifest.xml:19:5-44
MERGED from [com.google.firebase:firebase-common:21.0.0] AndroidManifest.xml:19:5-44
MERGED from [androidx.work:work-runtime-ktx:2.9.0] AndroidManifest.xml:20:5-44
MERGED from [androidx.work:work-runtime-ktx:2.9.0] AndroidManifest.xml:20:5-44
MERGED from [androidx.work:work-runtime:2.9.0] AndroidManifest.xml:21:5-44
MERGED from [androidx.work:work-runtime:2.9.0] AndroidManifest.xml:21:5-44
MERGED from [:audioplayers_android] AndroidManifest.xml:5:5-44
MERGED from [:audioplayers_android] AndroidManifest.xml:5:5-44
MERGED from [:flutter_local_notifications] AndroidManifest.xml:5:5-44
MERGED from [:flutter_local_notifications] AndroidManifest.xml:5:5-44